19:00:22.393  1648 DEBUG fr.sparna.rdf.xls2rdf.app.Convert - Will use output format : text/turtle
19:00:22.396  1651 DEBUG fr.sparna.rdf.xls2rdf.app.Convert - Will use ModelWriter : fr.sparna.rdf.xls2rdf.OutputStreamModelWriter
19:00:23.444  2699 DEBUG f.s.rdf.xls2rdf.Xls2RdfConverter - Processing sheet: controlled-terminology
19:00:23.448  2703 INFO  f.sparna.rdf.xls2rdf.RdfizableSheet - Found proper property in header : https://radx.orgx/vocs/missing-value-reason/
19:00:23.449  2704 INFO  f.sparna.rdf.xls2rdf.RdfizableSheet - Found proper property in header : http://purl.org/pav/
19:00:23.449  2704 INFO  f.sparna.rdf.xls2rdf.RdfizableSheet - Found proper property in header : http://purl.org/dc/terms/
19:00:23.450  2705 INFO  f.sparna.rdf.xls2rdf.RdfizableSheet - Found proper property in header : https://orcid.org/0000-0001-6875-5360
19:00:23.451  2706 INFO  f.sparna.rdf.xls2rdf.RdfizableSheet - Found proper property in header : https://orcid.org/0000-0002-9381-9693
19:00:23.453  2708 INFO  f.sparna.rdf.xls2rdf.RdfizableSheet - Found proper property in header : http://www.w3.org/2004/02/skos/core#prefLabel
19:00:23.454  2709 INFO  f.sparna.rdf.xls2rdf.RdfizableSheet - Found proper property in header : http://www.w3.org/2004/02/skos/core#altLabel
19:00:23.454  2709 INFO  f.sparna.rdf.xls2rdf.RdfizableSheet - Found proper property in header : http://www.w3.org/2004/02/skos/core#definition
19:00:23.454  2709 INFO  f.sparna.rdf.xls2rdf.RdfizableSheet - Found proper property in header : http://www.w3.org/2004/02/skos/core#broader
19:00:23.454  2709 INFO  f.sparna.rdf.xls2rdf.RdfizableSheet - Found proper property in header : http://www.w3.org/2004/02/skos/core#exactMatch
19:00:23.456  2711 INFO  f.sparna.rdf.xls2rdf.RdfizableSheet - Found proper property in header : http://purl.org/dc/terms/creator
19:00:23.456  2711 INFO  f.sparna.rdf.xls2rdf.RdfizableSheet - Found proper property in header : http://purl.org/dc/terms/contributor
19:00:23.456  2711 INFO  f.sparna.rdf.xls2rdf.RdfizableSheet - Found proper property in header : http://www.w3.org/2004/02/skos/core#editorialNote
19:00:23.456  2711 INFO  f.sparna.rdf.xls2rdf.RdfizableSheet - Found at least 2 headers with proper property declaration in the first 10 columns, title row is at index 19
19:00:23.457  2712 DEBUG f.s.rdf.xls2rdf.Xls2RdfConverter - Found title row at index 19
19:00:23.459  2714 DEBUG f.s.rdf.xls2rdf.Xls2RdfConverter - Adding value on header object "Missing value reasons in RADx" with lang en
19:00:23.461  2716 DEBUG f.s.rdf.xls2rdf.Xls2RdfConverter - Adding value on header object "Missing value reasons in RADx" with lang en
19:00:23.461  2716 DEBUG f.s.rdf.xls2rdf.Xls2RdfConverter - Adding value on header object "List and document the reasons that can be used for missing values in the RADx systems." with lang en
19:00:23.461  2716 DEBUG f.s.rdf.xls2rdf.Xls2RdfConverter - Adding value on header object "https://orcid.org/0000-0001-6875-5360" with lang en
19:00:23.462  2717 DEBUG f.s.rdf.xls2rdf.Xls2RdfConverter - Adding value on header object "https://orcid.org/0000-0002-9381-9693" with lang en
19:00:23.462  2717 DEBUG f.s.rdf.xls2rdf.Xls2RdfConverter - Adding value on header object "2022-03-11T22:10:00-08:00" with lang en
19:00:23.462  2717 DEBUG f.s.rdf.xls2rdf.Xls2RdfConverter - Adding value on header object "2024-01-12T15:01:00-08:00" with lang en
19:00:23.462  2717 DEBUG f.s.rdf.xls2rdf.Xls2RdfConverter - Adding value on header object "0.2.0" with lang en
19:00:23.463  2718 ERROR f.s.rdf.xls2rdf.ColumnHeaderParser - Unsuccessfull parsing of header parameters for header 'Replace cells B1, B2 and C2, and B5 through B12; B11 and B12 should be updated with every modification). (As well as these comments, if desired.)', Exception is java.lang.ArrayIndexOutOfBoundsException : Index 1 out of bounds for length 1
19:00:23.463  2718 DEBUG f.s.rdf.xls2rdf.Xls2RdfConverter - Converting data with these column headers: 
19:00:23.463  2718 DEBUG f.s.rdf.xls2rdf.Xls2RdfConverter - ColumnHeader [originalValue=Identifier, language=Optional.empty, datatype=Optional.empty, property=null, declaredProperty=Identifier, inverse=false, parameters={}, id=null, reconcileOn=null, headerCell=Identifier]
19:00:23.472  2727 DEBUG f.s.rdf.xls2rdf.Xls2RdfConverter - ColumnHeader [originalValue=skos:prefLabel@en, language=Optional[en], datatype=Optional.empty, property=http://www.w3.org/2004/02/skos/core#prefLabel, declaredProperty=skos:prefLabel, inverse=false, parameters={}, id=null, reconcileOn=null, headerCell=skos:prefLabel@en]
19:00:23.473  2728 DEBUG f.s.rdf.xls2rdf.Xls2RdfConverter - ColumnHeader [originalValue=skos:altLabel(separator=","), language=Optional.empty, datatype=Optional.empty, property=http://www.w3.org/2004/02/skos/core#altLabel, declaredProperty=skos:altLabel, inverse=false, parameters={separator=,}, id=null, reconcileOn=null, headerCell=skos:altLabel(separator=",")]
19:00:23.474  2729 DEBUG f.s.rdf.xls2rdf.Xls2RdfConverter - ColumnHeader [originalValue=skos:definition@en, language=Optional[en], datatype=Optional.empty, property=http://www.w3.org/2004/02/skos/core#definition, declaredProperty=skos:definition, inverse=false, parameters={}, id=null, reconcileOn=null, headerCell=skos:definition@en]
19:00:23.474  2729 DEBUG f.s.rdf.xls2rdf.Xls2RdfConverter - ColumnHeader [originalValue=skos:broader(separator=","), language=Optional.empty, datatype=Optional.empty, property=http://www.w3.org/2004/02/skos/core#broader, declaredProperty=skos:broader, inverse=false, parameters={separator=,}, id=null, reconcileOn=null, headerCell=skos:broader(separator=",")]
19:00:23.474  2729 DEBUG f.s.rdf.xls2rdf.Xls2RdfConverter - ColumnHeader [originalValue=skos:exactMatch(separator=","), language=Optional.empty, datatype=Optional.empty, property=http://www.w3.org/2004/02/skos/core#exactMatch, declaredProperty=skos:exactMatch, inverse=false, parameters={separator=,}, id=null, reconcileOn=null, headerCell=skos:exactMatch(separator=",")]
19:00:23.474  2729 DEBUG f.s.rdf.xls2rdf.Xls2RdfConverter - ColumnHeader [originalValue=dct:creator(separator=","), language=Optional.empty, datatype=Optional.empty, property=http://purl.org/dc/terms/creator, declaredProperty=dct:creator, inverse=false, parameters={separator=,}, id=null, reconcileOn=null, headerCell=dct:creator(separator=",")]
19:00:23.475  2730 DEBUG f.s.rdf.xls2rdf.Xls2RdfConverter - ColumnHeader [originalValue=dct:contributor(separator=","), language=Optional.empty, datatype=Optional.empty, property=http://purl.org/dc/terms/contributor, declaredProperty=dct:contributor, inverse=false, parameters={separator=,}, id=null, reconcileOn=null, headerCell=dct:contributor(separator=",")]
19:00:23.476  2731 DEBUG f.s.rdf.xls2rdf.Xls2RdfConverter - ColumnHeader [originalValue=skos:editorialNote@en, language=Optional[en], datatype=Optional.empty, property=http://www.w3.org/2004/02/skos/core#editorialNote, declaredProperty=skos:editorialNote, inverse=false, parameters={}, id=null, reconcileOn=null, headerCell=skos:editorialNote@en]
19:00:23.476  2731 INFO  f.s.rdf.xls2rdf.Xls2RdfConverter - Converting rows...
19:00:23.505  2760 INFO  f.s.rdf.xls2rdf.Xls2RdfConverter - Applying SKOS post-processings on the result
19:00:23.505  2760 DEBUG f.s.rdf.xls2rdf.SkosPostProcessor - Postprocessing : SkosPostProcessor
19:00:23.506  2761 DEBUG f.s.rdf.xls2rdf.SkosPostProcessor - Considering main resource like a ConceptScheme.
19:00:23.508  2763 DEBUG f.s.rdf.xls2rdf.SkosPostProcessor - Adding inverse skos:broader and skos:narrower
19:00:23.511  2766 DEBUG f.s.rdf.xls2rdf.SkosPostProcessor - Adding skos:inScheme
19:00:23.512  2767 DEBUG f.s.rdf.xls2rdf.SkosPostProcessor - Setting rdf:type skos:ConceptScheme to main resource
19:00:23.513  2768 DEBUG f.s.rdf.xls2rdf.SkosPostProcessor - Adding skos:hasTopConcept / skos:topConceptOf
19:00:23.515  2770 DEBUG f.s.rdf.xls2rdf.Xls2RdfConverter - Saving graph of 186 statements generated from Sheet controlled-terminology
